<?xml version="1.0" encoding="UTF-8"?>
<!-- Generated by org.testng.reporters.JUnitReportReporter -->
<testsuite hostname="DESKTOP-1Q3HBC8" failures="0" tests="3" name="com.excel.compare.ComparExcel" time="123.758" errors="0" timestamp="2021-06-02T12:38:17 IST" skipped="0">
  <testcase classname="com.excel.compare.ComparExcel" name="testcase3" time="50.763"/>
  <system-out/>
  <testcase classname="com.excel.compare.ComparExcel" name="testcase2" time="30.417"/>
  <system-out/>
  <testcase classname="com.excel.compare.ComparExcel" name="testcase1" time="42.578"/>
  <system-out/>
</testsuite> <!-- com.excel.compare.ComparExcel -->
